[debug] [2021-03-24T22:11:06.276Z] ----------------------------------------------------------------------
[debug] [2021-03-24T22:11:06.279Z] Command:       C:\Program Files\nodejs\node.exe C:\Users\tuyen\AppData\Roaming\npm\node_modules\firebase-tools\lib\bin\firebase.js emulators:start
[debug] [2021-03-24T22:11:06.280Z] CLI Version:   9.6.1
[debug] [2021-03-24T22:11:06.280Z] Platform:      win32
[debug] [2021-03-24T22:11:06.280Z] Node Version:  v14.16.0
[debug] [2021-03-24T22:11:06.281Z] Time:          Wed Mar 24 2021 18:11:06 GMT-0400 (Eastern Daylight Time)
[debug] [2021-03-24T22:11:06.281Z] ----------------------------------------------------------------------
[debug] [2021-03-24T22:11:06.282Z] 
[debug] [2021-03-24T22:11:06.291Z] > command requires scopes: ["email","openid","https://www.googleapis.com/auth/cloudplatformprojects.readonly","https://www.googleapis.com/auth/firebase","https://www.googleapis.com/auth/cloud-platform"]
[debug] [2021-03-24T22:11:06.292Z] > authorizing via signed-in user
[info] i  emulators: Starting emulators: functions, hosting {"metadata":{"emulator":{"name":"hub"},"message":"Starting emulators: functions, hosting"}}
[debug] [2021-03-24T22:11:06.344Z] [hub] writing locator at C:\Users\tuyen\AppData\Local\Temp\hub-clone-9a4d5.json
[warn] !  functions: The following emulators are not running, calls to these services from the Functions emulator will affect production: auth, firestore, database, pubsub {"metadata":{"emulator":{"name":"functions"},"message":"The following emulators are not running, calls to these services from the Functions emulator will affect production: \u001b[1mauth, firestore, database, pubsub\u001b[22m"}}
[warn] !  Your requested "node" version "12" doesn't match your global version "14" {"metadata":{"emulator":{"name":"functions"},"message":"Your requested \"node\" version \"12\" doesn't match your global version \"14\""}}
[debug] [2021-03-24T22:11:06.387Z] defaultcredentials: writing to file C:\Users\tuyen\AppData\Roaming\firebase\tuyen_phk_gmail.com_application_default_credentials.json
[debug] [2021-03-24T22:11:06.419Z] Setting GAC to C:\Users\tuyen\AppData\Roaming\firebase\tuyen_phk_gmail.com_application_default_credentials.json {"metadata":{"emulator":{"name":"functions"},"message":"Setting GAC to C:\\Users\\tuyen\\AppData\\Roaming\\firebase\\tuyen_phk_gmail.com_application_default_credentials.json"}}
[debug] [2021-03-24T22:11:06.421Z] > refreshing access token with scopes: []
[debug] [2021-03-24T22:11:06.423Z] >>> HTTP REQUEST POST https://www.googleapis.com/oauth2/v3/token  
 <request body omitted>
[debug] [2021-03-24T22:11:06.641Z] <<< HTTP RESPONSE 200 {"date":"Wed, 24 Mar 2021 22:11:06 GMT","pragma":"no-cache","cache-control":"no-cache, no-store, max-age=0, must-revalidate","expires":"Mon, 01 Jan 1990 00:00:00 GMT","content-type":"application/json; charset=utf-8","vary":"X-Origin, Referer, Origin,Accept-Encoding","server":"scaffolding on HTTPServer2","x-xss-protection":"0","x-frame-options":"SAMEORIGIN","x-content-type-options":"nosniff","alt-svc":"h3-29=\":443\"; ma=2592000,h3-T051=\":443\"; ma=2592000,h3-Q050=\":443\"; ma=2592000,h3-Q046=\":443\"; ma=2592000,h3-Q043=\":443\"; ma=2592000,quic=\":443\"; ma=2592000; v=\"46,43\"","accept-ranges":"none","transfer-encoding":"chunked"}
[debug] [2021-03-24T22:11:06.651Z] >>> [apiv2][query] GET https://firebase.googleapis.com/v1beta1/projects/clone-9a4d5/adminSdkConfig [none]
[debug] [2021-03-24T22:11:07.069Z] <<< [apiv2][status] GET https://firebase.googleapis.com/v1beta1/projects/clone-9a4d5/adminSdkConfig 200
[debug] [2021-03-24T22:11:07.070Z] <<< [apiv2][body] GET https://firebase.googleapis.com/v1beta1/projects/clone-9a4d5/adminSdkConfig {"projectId":"clone-9a4d5","storageBucket":"clone-9a4d5.appspot.com"}
[debug] [2021-03-24T22:11:07.152Z] >>> [apiv2][query] GET https://firebase.googleapis.com/v1beta1/projects/clone-9a4d5/webApps/-/config [none]
[debug] [2021-03-24T22:11:07.668Z] <<< [apiv2][status] GET https://firebase.googleapis.com/v1beta1/projects/clone-9a4d5/webApps/-/config 200
[debug] [2021-03-24T22:11:07.668Z] <<< [apiv2][body] GET https://firebase.googleapis.com/v1beta1/projects/clone-9a4d5/webApps/-/config {"projectId":"clone-9a4d5","appId":"1:931963552528:web:37a4f87534d1715ac2db95","storageBucket":"clone-9a4d5.appspot.com","apiKey":"AIzaSyA0AC2a47naMYgyDvawZe6q91761WU6yAI","authDomain":"clone-9a4d5.firebaseapp.com","messagingSenderId":"931963552528","measurementId":"G-VYMPF5QB9N"}
[info] i  hosting: Serving hosting files from: build {"metadata":{"emulator":{"name":"hosting"},"message":"Serving hosting files from: \u001b[1mbuild\u001b[22m"}}
[info] +  hosting: Local server: http://localhost:5000 {"metadata":{"emulator":{"name":"hosting"},"message":"Local server: \u001b[4m\u001b[1mhttp://localhost:5000\u001b[22m\u001b[24m"}}
[debug] [2021-03-24T22:11:07.734Z] Ignoring unsupported arg: auto_download {"metadata":{"emulator":{"name":"ui"},"message":"Ignoring unsupported arg: auto_download"}}
[debug] [2021-03-24T22:11:07.735Z] Ignoring unsupported arg: port {"metadata":{"emulator":{"name":"ui"},"message":"Ignoring unsupported arg: port"}}
[debug] [2021-03-24T22:11:07.735Z] Starting Emulator UI with command {"binary":"node","args":["C:\\Users\\tuyen\\.cache\\firebase\\emulators\\ui-v1.4.2\\server.bundle.js"],"optionalArgs":[],"joinArgs":false} {"metadata":{"emulator":{"name":"ui"},"message":"Starting Emulator UI with command {\"binary\":\"node\",\"args\":[\"C:\\\\Users\\\\tuyen\\\\.cache\\\\firebase\\\\emulators\\\\ui-v1.4.2\\\\server.bundle.js\"],\"optionalArgs\":[],\"joinArgs\":false}"}}
[info] i  ui: Emulator UI logging to ui-debug.log {"metadata":{"emulator":{"name":"ui"},"message":"Emulator UI logging to \u001b[1mui-debug.log\u001b[22m"}}
[debug] [2021-03-24T22:11:08.072Z] Web / API server started at http://localhost:4000
 {"metadata":{"emulator":{"name":"ui"},"message":"Web / API server started at http://localhost:4000\n"}}
[info] i  functions: Watching "C:\Users\tuyen\OneDrive\Desktop\Personal Project\amazon-fullstack\functions" for Cloud Functions... {"metadata":{"emulator":{"name":"functions"},"message":"Watching \"C:\\Users\\tuyen\\OneDrive\\Desktop\\Personal Project\\amazon-fullstack\\functions\" for Cloud Functions..."}}
[debug] [2021-03-24T22:11:08.150Z] [worker-pool] addWorker(~diagnostic~) {"metadata":{"emulator":{"name":"functions"},"message":"[worker-pool] addWorker(~diagnostic~)"}}
[debug] [2021-03-24T22:11:08.150Z] [worker-pool] Adding worker with key ~diagnostic~, total=1 {"metadata":{"emulator":{"name":"functions"},"message":"[worker-pool] Adding worker with key ~diagnostic~, total=1"}}
[debug] [2021-03-24T22:11:08.151Z] [worker-pool] submitWork(triggerId=) {"metadata":{"emulator":{"name":"functions"},"message":"[worker-pool] submitWork(triggerId=)"}}
[debug] [2021-03-24T22:11:08.151Z] [worker-~diagnostic~-ab288f91-c926-4c50-befb-831cbff6fd42]: Assigning socketPath: \\?\pipe\C:\Users\tuyen\OneDrive\Desktop\Personal Project\amazon-fullstack\functions\19396 {"metadata":{"emulator":{"name":"functions"},"message":"[worker-~diagnostic~-ab288f91-c926-4c50-befb-831cbff6fd42]: Assigning socketPath: \\\\?\\pipe\\C:\\Users\\tuyen\\OneDrive\\Desktop\\Personal Project\\amazon-fullstack\\functions\\19396"}}
[debug] [2021-03-24T22:11:08.151Z] [worker-~diagnostic~-ab288f91-c926-4c50-befb-831cbff6fd42]: BUSY {"metadata":{"emulator":{"name":"functions"},"message":"[worker-~diagnostic~-ab288f91-c926-4c50-befb-831cbff6fd42]: BUSY"}}
[debug] [2021-03-24T22:11:08.622Z] [runtime-status] [19396] Functions runtime initialized. {"cwd":"C:\\Users\\tuyen\\OneDrive\\Desktop\\Personal Project\\amazon-fullstack\\functions","node_version":"14.16.0"} {"metadata":{"emulator":{"name":"functions"},"message":"[runtime-status] [19396] Functions runtime initialized. {\"cwd\":\"C:\\\\Users\\\\tuyen\\\\OneDrive\\\\Desktop\\\\Personal Project\\\\amazon-fullstack\\\\functions\",\"node_version\":\"14.16.0\"}"}}
[debug] [2021-03-24T22:11:08.623Z] [runtime-status] [19396] Disabled runtime features: undefined {"metadata":{"emulator":{"name":"functions"},"message":"[runtime-status] [19396] Disabled runtime features: undefined"}}
[debug] [2021-03-24T22:11:08.633Z] [runtime-status] [19396] Resolved module firebase-admin {"declared":true,"installed":true,"version":"9.5.0","resolution":"C:\\Users\\tuyen\\OneDrive\\Desktop\\Personal Project\\amazon-fullstack\\functions\\node_modules\\firebase-admin\\lib\\index.js"} {"metadata":{"emulator":{"name":"functions"},"message":"[runtime-status] [19396] Resolved module firebase-admin {\"declared\":true,\"installed\":true,\"version\":\"9.5.0\",\"resolution\":\"C:\\\\Users\\\\tuyen\\\\OneDrive\\\\Desktop\\\\Personal Project\\\\amazon-fullstack\\\\functions\\\\node_modules\\\\firebase-admin\\\\lib\\\\index.js\"}"}}
[debug] [2021-03-24T22:11:08.635Z] [runtime-status] [19396] Resolved module firebase-functions {"declared":true,"installed":true,"version":"3.13.2","resolution":"C:\\Users\\tuyen\\OneDrive\\Desktop\\Personal Project\\amazon-fullstack\\functions\\node_modules\\firebase-functions\\lib\\index.js"} {"metadata":{"emulator":{"name":"functions"},"message":"[runtime-status] [19396] Resolved module firebase-functions {\"declared\":true,\"installed\":true,\"version\":\"3.13.2\",\"resolution\":\"C:\\\\Users\\\\tuyen\\\\OneDrive\\\\Desktop\\\\Personal Project\\\\amazon-fullstack\\\\functions\\\\node_modules\\\\firebase-functions\\\\lib\\\\index.js\"}"}}
[debug] [2021-03-24T22:11:08.638Z] [runtime-status] [19396] Resolved module firebase-functions {"declared":true,"installed":true,"version":"3.13.2","resolution":"C:\\Users\\tuyen\\OneDrive\\Desktop\\Personal Project\\amazon-fullstack\\functions\\node_modules\\firebase-functions\\lib\\index.js"} {"metadata":{"emulator":{"name":"functions"},"message":"[runtime-status] [19396] Resolved module firebase-functions {\"declared\":true,\"installed\":true,\"version\":\"3.13.2\",\"resolution\":\"C:\\\\Users\\\\tuyen\\\\OneDrive\\\\Desktop\\\\Personal Project\\\\amazon-fullstack\\\\functions\\\\node_modules\\\\firebase-functions\\\\lib\\\\index.js\"}"}}
[debug] [2021-03-24T22:11:08.640Z] [runtime-status] [19396] Outgoing network have been stubbed. [{"name":"http","status":"mocked"},{"name":"http","status":"mocked"},{"name":"https","status":"mocked"},{"name":"https","status":"mocked"},{"name":"net","status":"mocked"}] {"metadata":{"emulator":{"name":"functions"},"message":"[runtime-status] [19396] Outgoing network have been stubbed. [{\"name\":\"http\",\"status\":\"mocked\"},{\"name\":\"http\",\"status\":\"mocked\"},{\"name\":\"https\",\"status\":\"mocked\"},{\"name\":\"https\",\"status\":\"mocked\"},{\"name\":\"net\",\"status\":\"mocked\"}]"}}
[debug] [2021-03-24T22:11:08.641Z] [runtime-status] [19396] Resolved module firebase-functions {"declared":true,"installed":true,"version":"3.13.2","resolution":"C:\\Users\\tuyen\\OneDrive\\Desktop\\Personal Project\\amazon-fullstack\\functions\\node_modules\\firebase-functions\\lib\\index.js"} {"metadata":{"emulator":{"name":"functions"},"message":"[runtime-status] [19396] Resolved module firebase-functions {\"declared\":true,\"installed\":true,\"version\":\"3.13.2\",\"resolution\":\"C:\\\\Users\\\\tuyen\\\\OneDrive\\\\Desktop\\\\Personal Project\\\\amazon-fullstack\\\\functions\\\\node_modules\\\\firebase-functions\\\\lib\\\\index.js\"}"}}
[debug] [2021-03-24T22:11:08.752Z] [runtime-status] [19396] Checked functions.config() {"config":{}} {"metadata":{"emulator":{"name":"functions"},"message":"[runtime-status] [19396] Checked functions.config() {\"config\":{}}"}}
[debug] [2021-03-24T22:11:08.753Z] [runtime-status] [19396] firebase-functions has been stubbed. {"functionsResolution":{"declared":true,"installed":true,"version":"3.13.2","resolution":"C:\\Users\\tuyen\\OneDrive\\Desktop\\Personal Project\\amazon-fullstack\\functions\\node_modules\\firebase-functions\\lib\\index.js"}} {"metadata":{"emulator":{"name":"functions"},"message":"[runtime-status] [19396] firebase-functions has been stubbed. {\"functionsResolution\":{\"declared\":true,\"installed\":true,\"version\":\"3.13.2\",\"resolution\":\"C:\\\\Users\\\\tuyen\\\\OneDrive\\\\Desktop\\\\Personal Project\\\\amazon-fullstack\\\\functions\\\\node_modules\\\\firebase-functions\\\\lib\\\\index.js\"}}"}}
[debug] [2021-03-24T22:11:08.754Z] [runtime-status] [19396] Resolved module firebase-functions {"declared":true,"installed":true,"version":"3.13.2","resolution":"C:\\Users\\tuyen\\OneDrive\\Desktop\\Personal Project\\amazon-fullstack\\functions\\node_modules\\firebase-functions\\lib\\index.js"} {"metadata":{"emulator":{"name":"functions"},"message":"[runtime-status] [19396] Resolved module firebase-functions {\"declared\":true,\"installed\":true,\"version\":\"3.13.2\",\"resolution\":\"C:\\\\Users\\\\tuyen\\\\OneDrive\\\\Desktop\\\\Personal Project\\\\amazon-fullstack\\\\functions\\\\node_modules\\\\firebase-functions\\\\lib\\\\index.js\"}"}}
[debug] [2021-03-24T22:11:08.757Z] [runtime-status] [19396] Resolved module firebase-admin {"declared":true,"installed":true,"version":"9.5.0","resolution":"C:\\Users\\tuyen\\OneDrive\\Desktop\\Personal Project\\amazon-fullstack\\functions\\node_modules\\firebase-admin\\lib\\index.js"} {"metadata":{"emulator":{"name":"functions"},"message":"[runtime-status] [19396] Resolved module firebase-admin {\"declared\":true,\"installed\":true,\"version\":\"9.5.0\",\"resolution\":\"C:\\\\Users\\\\tuyen\\\\OneDrive\\\\Desktop\\\\Personal Project\\\\amazon-fullstack\\\\functions\\\\node_modules\\\\firebase-admin\\\\lib\\\\index.js\"}"}}
[debug] [2021-03-24T22:11:08.758Z] [runtime-status] [19396] Resolved module firebase-functions {"declared":true,"installed":true,"version":"3.13.2","resolution":"C:\\Users\\tuyen\\OneDrive\\Desktop\\Personal Project\\amazon-fullstack\\functions\\node_modules\\firebase-functions\\lib\\index.js"} {"metadata":{"emulator":{"name":"functions"},"message":"[runtime-status] [19396] Resolved module firebase-functions {\"declared\":true,\"installed\":true,\"version\":\"3.13.2\",\"resolution\":\"C:\\\\Users\\\\tuyen\\\\OneDrive\\\\Desktop\\\\Personal Project\\\\amazon-fullstack\\\\functions\\\\node_modules\\\\firebase-functions\\\\lib\\\\index.js\"}"}}
[debug] [2021-03-24T22:11:08.758Z] [runtime-status] [19396] firebase-admin has been stubbed. {"adminResolution":{"declared":true,"installed":true,"version":"9.5.0","resolution":"C:\\Users\\tuyen\\OneDrive\\Desktop\\Personal Project\\amazon-fullstack\\functions\\node_modules\\firebase-admin\\lib\\index.js"}} {"metadata":{"emulator":{"name":"functions"},"message":"[runtime-status] [19396] firebase-admin has been stubbed. {\"adminResolution\":{\"declared\":true,\"installed\":true,\"version\":\"9.5.0\",\"resolution\":\"C:\\\\Users\\\\tuyen\\\\OneDrive\\\\Desktop\\\\Personal Project\\\\amazon-fullstack\\\\functions\\\\node_modules\\\\firebase-admin\\\\lib\\\\index.js\"}}"}}
[info] +  functions[api]: http function initialized (http://localhost:5001/clone-9a4d5/us-central1/api). {"metadata":{"emulator":{"name":"functions"},"message":"\u001b[1mhttp\u001b[22m function initialized (http://localhost:5001/clone-9a4d5/us-central1/api)."}}
[info] 
┌─────────────────────────────────────────────────────────────┐
│ ✔  All emulators ready! It is now safe to connect your app. │
│ i  View Emulator UI at http://localhost:4000                │
└─────────────────────────────────────────────────────────────┘

┌───────────┬────────────────┬─────────────────────────────────┐
│ Emulator  │ Host:Port      │ View in Emulator UI             │
├───────────┼────────────────┼─────────────────────────────────┤
│ Functions │ localhost:5001 │ http://localhost:4000/functions │
├───────────┼────────────────┼─────────────────────────────────┤
│ Hosting   │ localhost:5000 │ n/a                             │
└───────────┴────────────────┴─────────────────────────────────┘
  Emulator Hub running at localhost:4400
  Other reserved ports: 4500

Issues? Report them at https://github.com/firebase/firebase-tools/issues and attach the *-debug.log files.
 
[debug] [2021-03-24T22:11:09.031Z] [worker-~diagnostic~-ab288f91-c926-4c50-befb-831cbff6fd42]: IDLE {"metadata":{"emulator":{"name":"functions"},"message":"[worker-~diagnostic~-ab288f91-c926-4c50-befb-831cbff6fd42]: IDLE"}}
[debug] [2021-03-24T22:13:21.129Z] [work-queue] {"queueLength":1,"workRunningCount":0}
[debug] [2021-03-24T22:13:21.134Z] [work-queue] {"queueLength":0,"workRunningCount":1}
[debug] [2021-03-24T22:13:21.138Z] Accepted request GET /clone-9a4d5/us-central1/api --> api
[debug] [2021-03-24T22:13:21.399Z] [worker-pool] addWorker(api) {"metadata":{"emulator":{"name":"functions"},"message":"[worker-pool] addWorker(api)"}}
[debug] [2021-03-24T22:13:21.402Z] [worker-pool] Adding worker with key api, total=1 {"metadata":{"emulator":{"name":"functions"},"message":"[worker-pool] Adding worker with key api, total=1"}}
[debug] [2021-03-24T22:13:21.402Z] [worker-pool] submitWork(triggerId=api) {"metadata":{"emulator":{"name":"functions"},"message":"[worker-pool] submitWork(triggerId=api)"}}
[debug] [2021-03-24T22:13:21.403Z] [worker-api-dee3223e-53c3-4011-b46a-ce4616c4664b]: Assigning socketPath: \\?\pipe\C:\Users\tuyen\OneDrive\Desktop\Personal Project\amazon-fullstack\functions\14388 {"metadata":{"emulator":{"name":"functions"},"message":"[worker-api-dee3223e-53c3-4011-b46a-ce4616c4664b]: Assigning socketPath: \\\\?\\pipe\\C:\\Users\\tuyen\\OneDrive\\Desktop\\Personal Project\\amazon-fullstack\\functions\\14388"}}
[debug] [2021-03-24T22:13:21.404Z] [worker-api-dee3223e-53c3-4011-b46a-ce4616c4664b]: BUSY {"metadata":{"emulator":{"name":"functions"},"message":"[worker-api-dee3223e-53c3-4011-b46a-ce4616c4664b]: BUSY"}}
[debug] [2021-03-24T22:13:21.762Z] [runtime-status] [14388] Functions runtime initialized. {"cwd":"C:\\Users\\tuyen\\OneDrive\\Desktop\\Personal Project\\amazon-fullstack\\functions","node_version":"14.16.0"} {"metadata":{"emulator":{"name":"functions"},"function":{"name":"api"},"message":"[runtime-status] [14388] Functions runtime initialized. {\"cwd\":\"C:\\\\Users\\\\tuyen\\\\OneDrive\\\\Desktop\\\\Personal Project\\\\amazon-fullstack\\\\functions\",\"node_version\":\"14.16.0\"}"}}
[debug] [2021-03-24T22:13:21.764Z] [runtime-status] [14388] Disabled runtime features: undefined {"metadata":{"emulator":{"name":"functions"},"function":{"name":"api"},"message":"[runtime-status] [14388] Disabled runtime features: undefined"}}
[debug] [2021-03-24T22:13:21.768Z] [runtime-status] [14388] Resolved module firebase-admin {"declared":true,"installed":true,"version":"9.5.0","resolution":"C:\\Users\\tuyen\\OneDrive\\Desktop\\Personal Project\\amazon-fullstack\\functions\\node_modules\\firebase-admin\\lib\\index.js"} {"metadata":{"emulator":{"name":"functions"},"function":{"name":"api"},"message":"[runtime-status] [14388] Resolved module firebase-admin {\"declared\":true,\"installed\":true,\"version\":\"9.5.0\",\"resolution\":\"C:\\\\Users\\\\tuyen\\\\OneDrive\\\\Desktop\\\\Personal Project\\\\amazon-fullstack\\\\functions\\\\node_modules\\\\firebase-admin\\\\lib\\\\index.js\"}"}}
[debug] [2021-03-24T22:13:21.771Z] [runtime-status] [14388] Resolved module firebase-functions {"declared":true,"installed":true,"version":"3.13.2","resolution":"C:\\Users\\tuyen\\OneDrive\\Desktop\\Personal Project\\amazon-fullstack\\functions\\node_modules\\firebase-functions\\lib\\index.js"} {"metadata":{"emulator":{"name":"functions"},"function":{"name":"api"},"message":"[runtime-status] [14388] Resolved module firebase-functions {\"declared\":true,\"installed\":true,\"version\":\"3.13.2\",\"resolution\":\"C:\\\\Users\\\\tuyen\\\\OneDrive\\\\Desktop\\\\Personal Project\\\\amazon-fullstack\\\\functions\\\\node_modules\\\\firebase-functions\\\\lib\\\\index.js\"}"}}
[debug] [2021-03-24T22:13:21.773Z] [runtime-status] [14388] Resolved module firebase-functions {"declared":true,"installed":true,"version":"3.13.2","resolution":"C:\\Users\\tuyen\\OneDrive\\Desktop\\Personal Project\\amazon-fullstack\\functions\\node_modules\\firebase-functions\\lib\\index.js"} {"metadata":{"emulator":{"name":"functions"},"function":{"name":"api"},"message":"[runtime-status] [14388] Resolved module firebase-functions {\"declared\":true,\"installed\":true,\"version\":\"3.13.2\",\"resolution\":\"C:\\\\Users\\\\tuyen\\\\OneDrive\\\\Desktop\\\\Personal Project\\\\amazon-fullstack\\\\functions\\\\node_modules\\\\firebase-functions\\\\lib\\\\index.js\"}"}}
[debug] [2021-03-24T22:13:21.775Z] [runtime-status] [14388] Outgoing network have been stubbed. [{"name":"http","status":"mocked"},{"name":"http","status":"mocked"},{"name":"https","status":"mocked"},{"name":"https","status":"mocked"},{"name":"net","status":"mocked"}] {"metadata":{"emulator":{"name":"functions"},"function":{"name":"api"},"message":"[runtime-status] [14388] Outgoing network have been stubbed. [{\"name\":\"http\",\"status\":\"mocked\"},{\"name\":\"http\",\"status\":\"mocked\"},{\"name\":\"https\",\"status\":\"mocked\"},{\"name\":\"https\",\"status\":\"mocked\"},{\"name\":\"net\",\"status\":\"mocked\"}]"}}
[debug] [2021-03-24T22:13:21.776Z] [runtime-status] [14388] Resolved module firebase-functions {"declared":true,"installed":true,"version":"3.13.2","resolution":"C:\\Users\\tuyen\\OneDrive\\Desktop\\Personal Project\\amazon-fullstack\\functions\\node_modules\\firebase-functions\\lib\\index.js"} {"metadata":{"emulator":{"name":"functions"},"function":{"name":"api"},"message":"[runtime-status] [14388] Resolved module firebase-functions {\"declared\":true,\"installed\":true,\"version\":\"3.13.2\",\"resolution\":\"C:\\\\Users\\\\tuyen\\\\OneDrive\\\\Desktop\\\\Personal Project\\\\amazon-fullstack\\\\functions\\\\node_modules\\\\firebase-functions\\\\lib\\\\index.js\"}"}}
[debug] [2021-03-24T22:13:21.847Z] [runtime-status] [14388] Checked functions.config() {"config":{}} {"metadata":{"emulator":{"name":"functions"},"function":{"name":"api"},"message":"[runtime-status] [14388] Checked functions.config() {\"config\":{}}"}}
[debug] [2021-03-24T22:13:21.847Z] [runtime-status] [14388] firebase-functions has been stubbed. {"functionsResolution":{"declared":true,"installed":true,"version":"3.13.2","resolution":"C:\\Users\\tuyen\\OneDrive\\Desktop\\Personal Project\\amazon-fullstack\\functions\\node_modules\\firebase-functions\\lib\\index.js"}} {"metadata":{"emulator":{"name":"functions"},"function":{"name":"api"},"message":"[runtime-status] [14388] firebase-functions has been stubbed. {\"functionsResolution\":{\"declared\":true,\"installed\":true,\"version\":\"3.13.2\",\"resolution\":\"C:\\\\Users\\\\tuyen\\\\OneDrive\\\\Desktop\\\\Personal Project\\\\amazon-fullstack\\\\functions\\\\node_modules\\\\firebase-functions\\\\lib\\\\index.js\"}}"}}
[debug] [2021-03-24T22:13:21.848Z] [runtime-status] [14388] Resolved module firebase-functions {"declared":true,"installed":true,"version":"3.13.2","resolution":"C:\\Users\\tuyen\\OneDrive\\Desktop\\Personal Project\\amazon-fullstack\\functions\\node_modules\\firebase-functions\\lib\\index.js"} {"metadata":{"emulator":{"name":"functions"},"function":{"name":"api"},"message":"[runtime-status] [14388] Resolved module firebase-functions {\"declared\":true,\"installed\":true,\"version\":\"3.13.2\",\"resolution\":\"C:\\\\Users\\\\tuyen\\\\OneDrive\\\\Desktop\\\\Personal Project\\\\amazon-fullstack\\\\functions\\\\node_modules\\\\firebase-functions\\\\lib\\\\index.js\"}"}}
[debug] [2021-03-24T22:13:21.850Z] [runtime-status] [14388] Resolved module firebase-admin {"declared":true,"installed":true,"version":"9.5.0","resolution":"C:\\Users\\tuyen\\OneDrive\\Desktop\\Personal Project\\amazon-fullstack\\functions\\node_modules\\firebase-admin\\lib\\index.js"} {"metadata":{"emulator":{"name":"functions"},"function":{"name":"api"},"message":"[runtime-status] [14388] Resolved module firebase-admin {\"declared\":true,\"installed\":true,\"version\":\"9.5.0\",\"resolution\":\"C:\\\\Users\\\\tuyen\\\\OneDrive\\\\Desktop\\\\Personal Project\\\\amazon-fullstack\\\\functions\\\\node_modules\\\\firebase-admin\\\\lib\\\\index.js\"}"}}
[debug] [2021-03-24T22:13:21.851Z] [runtime-status] [14388] Resolved module firebase-functions {"declared":true,"installed":true,"version":"3.13.2","resolution":"C:\\Users\\tuyen\\OneDrive\\Desktop\\Personal Project\\amazon-fullstack\\functions\\node_modules\\firebase-functions\\lib\\index.js"} {"metadata":{"emulator":{"name":"functions"},"function":{"name":"api"},"message":"[runtime-status] [14388] Resolved module firebase-functions {\"declared\":true,\"installed\":true,\"version\":\"3.13.2\",\"resolution\":\"C:\\\\Users\\\\tuyen\\\\OneDrive\\\\Desktop\\\\Personal Project\\\\amazon-fullstack\\\\functions\\\\node_modules\\\\firebase-functions\\\\lib\\\\index.js\"}"}}
[debug] [2021-03-24T22:13:21.851Z] [runtime-status] [14388] firebase-admin has been stubbed. {"adminResolution":{"declared":true,"installed":true,"version":"9.5.0","resolution":"C:\\Users\\tuyen\\OneDrive\\Desktop\\Personal Project\\amazon-fullstack\\functions\\node_modules\\firebase-admin\\lib\\index.js"}} {"metadata":{"emulator":{"name":"functions"},"function":{"name":"api"},"message":"[runtime-status] [14388] firebase-admin has been stubbed. {\"adminResolution\":{\"declared\":true,\"installed\":true,\"version\":\"9.5.0\",\"resolution\":\"C:\\\\Users\\\\tuyen\\\\OneDrive\\\\Desktop\\\\Personal Project\\\\amazon-fullstack\\\\functions\\\\node_modules\\\\firebase-admin\\\\lib\\\\index.js\"}}"}}
[debug] [2021-03-24T22:13:22.149Z] [runtime-status] [14388] Trigger "api" has been found, beginning invocation! {"metadata":{"emulator":{"name":"functions"},"function":{"name":"api"},"message":"[runtime-status] [14388] Trigger \"api\" has been found, beginning invocation!"}}
[info] i  functions: Beginning execution of "api" {"metadata":{"emulator":{"name":"functions"},"function":{"name":"api"},"message":"Beginning execution of \"api\""}}
[debug] [2021-03-24T22:13:22.151Z] [runtime-status] [14388] triggerDefinition {"httpsTrigger":{},"name":"api","entryPoint":"api"} {"metadata":{"emulator":{"name":"functions"},"function":{"name":"api"},"message":"[runtime-status] [14388] triggerDefinition {\"httpsTrigger\":{},\"name\":\"api\",\"entryPoint\":\"api\"}"}}
[debug] [2021-03-24T22:13:22.151Z] [runtime-status] [14388] Running api in mode HTTPS {"metadata":{"emulator":{"name":"functions"},"function":{"name":"api"},"message":"[runtime-status] [14388] Running api in mode HTTPS"}}
[debug] [2021-03-24T22:13:22.158Z] [runtime-status] [14388] Attempting to listen to socketPath: \\?\pipe\C:\Users\tuyen\OneDrive\Desktop\Personal Project\amazon-fullstack\functions\14388 {"metadata":{"emulator":{"name":"functions"},"function":{"name":"api"},"message":"[runtime-status] [14388] Attempting to listen to socketPath: \\\\?\\pipe\\C:\\Users\\tuyen\\OneDrive\\Desktop\\Personal Project\\amazon-fullstack\\functions\\14388"}}
[debug] [2021-03-24T22:13:22.164Z] [functions] Runtime ready! Sending request! {"metadata":{"emulator":{"name":"functions"},"message":"[functions] Runtime ready! Sending request!"}}
[debug] [2021-03-24T22:13:22.165Z] [functions] Got req.url=/clone-9a4d5/us-central1/api, mapping to path=/ {"metadata":{"emulator":{"name":"functions"},"message":"[functions] Got req.url=/clone-9a4d5/us-central1/api, mapping to path=/"}}
[debug] [2021-03-24T22:13:22.181Z] [runtime-status] [14388] Ephemeral server handling GET request {"metadata":{"emulator":{"name":"functions"},"function":{"name":"api"},"message":"[runtime-status] [14388] Ephemeral server handling GET request"}}
[debug] [2021-03-24T22:13:22.191Z] [runtime-status] [14388] Ephemeral server survived. {"metadata":{"emulator":{"name":"functions"},"function":{"name":"api"},"message":"[runtime-status] [14388] Ephemeral server survived."}}
[info] i  functions: Finished "api" in ~1s {"metadata":{"emulator":{"name":"functions"},"function":{"name":"api"},"message":"Finished \"api\" in ~1s"}}
[debug] [2021-03-24T22:13:22.202Z] [worker-api-dee3223e-53c3-4011-b46a-ce4616c4664b]: IDLE {"metadata":{"emulator":{"name":"functions"},"message":"[worker-api-dee3223e-53c3-4011-b46a-ce4616c4664b]: IDLE"}}
[debug] [2021-03-24T22:13:22.202Z] [work-queue] {"queueLength":0,"workRunningCount":0}
[debug] [2021-03-24T22:14:44.896Z] File C:\Users\tuyen\OneDrive\Desktop\Personal Project\amazon-fullstack\functions\index.js changed, reloading triggers {"metadata":{"emulator":{"name":"functions"},"message":"File C:\\Users\\tuyen\\OneDrive\\Desktop\\Personal Project\\amazon-fullstack\\functions\\index.js changed, reloading triggers"}}
[debug] [2021-03-24T22:14:46.039Z] [worker-pool] Shutting down IDLE worker (~diagnostic~) {"metadata":{"emulator":{"name":"functions"},"message":"[worker-pool] Shutting down IDLE worker (~diagnostic~)"}}
[debug] [2021-03-24T22:14:46.039Z] [worker-~diagnostic~-ab288f91-c926-4c50-befb-831cbff6fd42]: FINISHING {"metadata":{"emulator":{"name":"functions"},"message":"[worker-~diagnostic~-ab288f91-c926-4c50-befb-831cbff6fd42]: FINISHING"}}
[debug] [2021-03-24T22:14:46.040Z] [worker-pool] Shutting down IDLE worker (api) {"metadata":{"emulator":{"name":"functions"},"message":"[worker-pool] Shutting down IDLE worker (api)"}}
[debug] [2021-03-24T22:14:46.041Z] [worker-api-dee3223e-53c3-4011-b46a-ce4616c4664b]: FINISHING {"metadata":{"emulator":{"name":"functions"},"message":"[worker-api-dee3223e-53c3-4011-b46a-ce4616c4664b]: FINISHING"}}
[debug] [2021-03-24T22:14:46.314Z] [worker-pool] addWorker(~diagnostic~) {"metadata":{"emulator":{"name":"functions"},"message":"[worker-pool] addWorker(~diagnostic~)"}}
[debug] [2021-03-24T22:14:46.314Z] [worker-pool] Adding worker with key ~diagnostic~, total=2 {"metadata":{"emulator":{"name":"functions"},"message":"[worker-pool] Adding worker with key ~diagnostic~, total=2"}}
[debug] [2021-03-24T22:14:46.314Z] [worker-pool] submitWork(triggerId=) {"metadata":{"emulator":{"name":"functions"},"message":"[worker-pool] submitWork(triggerId=)"}}
[debug] [2021-03-24T22:14:46.314Z] [worker-~diagnostic~-33754245-10e7-452f-8ee3-94e14bb92f31]: Assigning socketPath: \\?\pipe\C:\Users\tuyen\OneDrive\Desktop\Personal Project\amazon-fullstack\functions\12004 {"metadata":{"emulator":{"name":"functions"},"message":"[worker-~diagnostic~-33754245-10e7-452f-8ee3-94e14bb92f31]: Assigning socketPath: \\\\?\\pipe\\C:\\Users\\tuyen\\OneDrive\\Desktop\\Personal Project\\amazon-fullstack\\functions\\12004"}}
[debug] [2021-03-24T22:14:46.314Z] [worker-~diagnostic~-33754245-10e7-452f-8ee3-94e14bb92f31]: BUSY {"metadata":{"emulator":{"name":"functions"},"message":"[worker-~diagnostic~-33754245-10e7-452f-8ee3-94e14bb92f31]: BUSY"}}
[debug] [2021-03-24T22:14:46.317Z] [worker-~diagnostic~-ab288f91-c926-4c50-befb-831cbff6fd42]: exited {"metadata":{"emulator":{"name":"functions"},"message":"[worker-~diagnostic~-ab288f91-c926-4c50-befb-831cbff6fd42]: exited"}}
[debug] [2021-03-24T22:14:46.317Z] [worker-~diagnostic~-ab288f91-c926-4c50-befb-831cbff6fd42]: FINISHED {"metadata":{"emulator":{"name":"functions"},"message":"[worker-~diagnostic~-ab288f91-c926-4c50-befb-831cbff6fd42]: FINISHED"}}
[debug] [2021-03-24T22:14:46.318Z] [worker-api-dee3223e-53c3-4011-b46a-ce4616c4664b]: exited {"metadata":{"emulator":{"name":"functions"},"message":"[worker-api-dee3223e-53c3-4011-b46a-ce4616c4664b]: exited"}}
[debug] [2021-03-24T22:14:46.318Z] [worker-api-dee3223e-53c3-4011-b46a-ce4616c4664b]: FINISHED {"metadata":{"emulator":{"name":"functions"},"message":"[worker-api-dee3223e-53c3-4011-b46a-ce4616c4664b]: FINISHED"}}
[debug] [2021-03-24T22:14:46.595Z] [runtime-status] [12004] Functions runtime initialized. {"cwd":"C:\\Users\\tuyen\\OneDrive\\Desktop\\Personal Project\\amazon-fullstack\\functions","node_version":"14.16.0"} {"metadata":{"emulator":{"name":"functions"},"message":"[runtime-status] [12004] Functions runtime initialized. {\"cwd\":\"C:\\\\Users\\\\tuyen\\\\OneDrive\\\\Desktop\\\\Personal Project\\\\amazon-fullstack\\\\functions\",\"node_version\":\"14.16.0\"}"}}
[debug] [2021-03-24T22:14:46.597Z] [runtime-status] [12004] Disabled runtime features: undefined {"metadata":{"emulator":{"name":"functions"},"message":"[runtime-status] [12004] Disabled runtime features: undefined"}}
[debug] [2021-03-24T22:14:46.601Z] [runtime-status] [12004] Resolved module firebase-admin {"declared":true,"installed":true,"version":"9.5.0","resolution":"C:\\Users\\tuyen\\OneDrive\\Desktop\\Personal Project\\amazon-fullstack\\functions\\node_modules\\firebase-admin\\lib\\index.js"} {"metadata":{"emulator":{"name":"functions"},"message":"[runtime-status] [12004] Resolved module firebase-admin {\"declared\":true,\"installed\":true,\"version\":\"9.5.0\",\"resolution\":\"C:\\\\Users\\\\tuyen\\\\OneDrive\\\\Desktop\\\\Personal Project\\\\amazon-fullstack\\\\functions\\\\node_modules\\\\firebase-admin\\\\lib\\\\index.js\"}"}}
[debug] [2021-03-24T22:14:46.603Z] [runtime-status] [12004] Resolved module firebase-functions {"declared":true,"installed":true,"version":"3.13.2","resolution":"C:\\Users\\tuyen\\OneDrive\\Desktop\\Personal Project\\amazon-fullstack\\functions\\node_modules\\firebase-functions\\lib\\index.js"} {"metadata":{"emulator":{"name":"functions"},"message":"[runtime-status] [12004] Resolved module firebase-functions {\"declared\":true,\"installed\":true,\"version\":\"3.13.2\",\"resolution\":\"C:\\\\Users\\\\tuyen\\\\OneDrive\\\\Desktop\\\\Personal Project\\\\amazon-fullstack\\\\functions\\\\node_modules\\\\firebase-functions\\\\lib\\\\index.js\"}"}}
[debug] [2021-03-24T22:14:46.605Z] [runtime-status] [12004] Resolved module firebase-functions {"declared":true,"installed":true,"version":"3.13.2","resolution":"C:\\Users\\tuyen\\OneDrive\\Desktop\\Personal Project\\amazon-fullstack\\functions\\node_modules\\firebase-functions\\lib\\index.js"} {"metadata":{"emulator":{"name":"functions"},"message":"[runtime-status] [12004] Resolved module firebase-functions {\"declared\":true,\"installed\":true,\"version\":\"3.13.2\",\"resolution\":\"C:\\\\Users\\\\tuyen\\\\OneDrive\\\\Desktop\\\\Personal Project\\\\amazon-fullstack\\\\functions\\\\node_modules\\\\firebase-functions\\\\lib\\\\index.js\"}"}}
[debug] [2021-03-24T22:14:46.607Z] [runtime-status] [12004] Outgoing network have been stubbed. [{"name":"http","status":"mocked"},{"name":"http","status":"mocked"},{"name":"https","status":"mocked"},{"name":"https","status":"mocked"},{"name":"net","status":"mocked"}] {"metadata":{"emulator":{"name":"functions"},"message":"[runtime-status] [12004] Outgoing network have been stubbed. [{\"name\":\"http\",\"status\":\"mocked\"},{\"name\":\"http\",\"status\":\"mocked\"},{\"name\":\"https\",\"status\":\"mocked\"},{\"name\":\"https\",\"status\":\"mocked\"},{\"name\":\"net\",\"status\":\"mocked\"}]"}}
[debug] [2021-03-24T22:14:46.608Z] [runtime-status] [12004] Resolved module firebase-functions {"declared":true,"installed":true,"version":"3.13.2","resolution":"C:\\Users\\tuyen\\OneDrive\\Desktop\\Personal Project\\amazon-fullstack\\functions\\node_modules\\firebase-functions\\lib\\index.js"} {"metadata":{"emulator":{"name":"functions"},"message":"[runtime-status] [12004] Resolved module firebase-functions {\"declared\":true,\"installed\":true,\"version\":\"3.13.2\",\"resolution\":\"C:\\\\Users\\\\tuyen\\\\OneDrive\\\\Desktop\\\\Personal Project\\\\amazon-fullstack\\\\functions\\\\node_modules\\\\firebase-functions\\\\lib\\\\index.js\"}"}}
[debug] [2021-03-24T22:14:46.677Z] [runtime-status] [12004] Checked functions.config() {"config":{}} {"metadata":{"emulator":{"name":"functions"},"message":"[runtime-status] [12004] Checked functions.config() {\"config\":{}}"}}
[debug] [2021-03-24T22:14:46.677Z] [runtime-status] [12004] firebase-functions has been stubbed. {"functionsResolution":{"declared":true,"installed":true,"version":"3.13.2","resolution":"C:\\Users\\tuyen\\OneDrive\\Desktop\\Personal Project\\amazon-fullstack\\functions\\node_modules\\firebase-functions\\lib\\index.js"}} {"metadata":{"emulator":{"name":"functions"},"message":"[runtime-status] [12004] firebase-functions has been stubbed. {\"functionsResolution\":{\"declared\":true,\"installed\":true,\"version\":\"3.13.2\",\"resolution\":\"C:\\\\Users\\\\tuyen\\\\OneDrive\\\\Desktop\\\\Personal Project\\\\amazon-fullstack\\\\functions\\\\node_modules\\\\firebase-functions\\\\lib\\\\index.js\"}}"}}
[debug] [2021-03-24T22:14:46.678Z] [runtime-status] [12004] Resolved module firebase-functions {"declared":true,"installed":true,"version":"3.13.2","resolution":"C:\\Users\\tuyen\\OneDrive\\Desktop\\Personal Project\\amazon-fullstack\\functions\\node_modules\\firebase-functions\\lib\\index.js"} {"metadata":{"emulator":{"name":"functions"},"message":"[runtime-status] [12004] Resolved module firebase-functions {\"declared\":true,\"installed\":true,\"version\":\"3.13.2\",\"resolution\":\"C:\\\\Users\\\\tuyen\\\\OneDrive\\\\Desktop\\\\Personal Project\\\\amazon-fullstack\\\\functions\\\\node_modules\\\\firebase-functions\\\\lib\\\\index.js\"}"}}
[debug] [2021-03-24T22:14:46.679Z] [runtime-status] [12004] Resolved module firebase-admin {"declared":true,"installed":true,"version":"9.5.0","resolution":"C:\\Users\\tuyen\\OneDrive\\Desktop\\Personal Project\\amazon-fullstack\\functions\\node_modules\\firebase-admin\\lib\\index.js"} {"metadata":{"emulator":{"name":"functions"},"message":"[runtime-status] [12004] Resolved module firebase-admin {\"declared\":true,\"installed\":true,\"version\":\"9.5.0\",\"resolution\":\"C:\\\\Users\\\\tuyen\\\\OneDrive\\\\Desktop\\\\Personal Project\\\\amazon-fullstack\\\\functions\\\\node_modules\\\\firebase-admin\\\\lib\\\\index.js\"}"}}
[debug] [2021-03-24T22:14:46.680Z] [runtime-status] [12004] Resolved module firebase-functions {"declared":true,"installed":true,"version":"3.13.2","resolution":"C:\\Users\\tuyen\\OneDrive\\Desktop\\Personal Project\\amazon-fullstack\\functions\\node_modules\\firebase-functions\\lib\\index.js"} {"metadata":{"emulator":{"name":"functions"},"message":"[runtime-status] [12004] Resolved module firebase-functions {\"declared\":true,\"installed\":true,\"version\":\"3.13.2\",\"resolution\":\"C:\\\\Users\\\\tuyen\\\\OneDrive\\\\Desktop\\\\Personal Project\\\\amazon-fullstack\\\\functions\\\\node_modules\\\\firebase-functions\\\\lib\\\\index.js\"}"}}
[debug] [2021-03-24T22:14:46.680Z] [runtime-status] [12004] firebase-admin has been stubbed. {"adminResolution":{"declared":true,"installed":true,"version":"9.5.0","resolution":"C:\\Users\\tuyen\\OneDrive\\Desktop\\Personal Project\\amazon-fullstack\\functions\\node_modules\\firebase-admin\\lib\\index.js"}} {"metadata":{"emulator":{"name":"functions"},"message":"[runtime-status] [12004] firebase-admin has been stubbed. {\"adminResolution\":{\"declared\":true,\"installed\":true,\"version\":\"9.5.0\",\"resolution\":\"C:\\\\Users\\\\tuyen\\\\OneDrive\\\\Desktop\\\\Personal Project\\\\amazon-fullstack\\\\functions\\\\node_modules\\\\firebase-admin\\\\lib\\\\index.js\"}}"}}
[debug] [2021-03-24T22:14:46.990Z] [worker-~diagnostic~-33754245-10e7-452f-8ee3-94e14bb92f31]: IDLE {"metadata":{"emulator":{"name":"functions"},"message":"[worker-~diagnostic~-33754245-10e7-452f-8ee3-94e14bb92f31]: IDLE"}}
[debug] [2021-03-24T22:19:12.118Z] [work-queue] {"queueLength":1,"workRunningCount":0}
[debug] [2021-03-24T22:19:12.119Z] [work-queue] {"queueLength":0,"workRunningCount":1}
[debug] [2021-03-24T22:19:12.120Z] Accepted request POST /clone-9a4d5/us-central1/api/payments/create?total=57498 --> api
[debug] [2021-03-24T22:19:12.120Z] [worker-pool] Cleaned up workers for ~diagnostic~: 2 --> 1 {"metadata":{"emulator":{"name":"functions"},"message":"[worker-pool] Cleaned up workers for ~diagnostic~: 2 --> 1"}}
[debug] [2021-03-24T22:19:12.121Z] [worker-pool] Cleaned up workers for api: 1 --> 0 {"metadata":{"emulator":{"name":"functions"},"message":"[worker-pool] Cleaned up workers for api: 1 --> 0"}}
[debug] [2021-03-24T22:19:12.321Z] [worker-pool] addWorker(api) {"metadata":{"emulator":{"name":"functions"},"message":"[worker-pool] addWorker(api)"}}
[debug] [2021-03-24T22:19:12.322Z] [worker-pool] Adding worker with key api, total=1 {"metadata":{"emulator":{"name":"functions"},"message":"[worker-pool] Adding worker with key api, total=1"}}
[debug] [2021-03-24T22:19:12.322Z] [worker-pool] submitWork(triggerId=api) {"metadata":{"emulator":{"name":"functions"},"message":"[worker-pool] submitWork(triggerId=api)"}}
[debug] [2021-03-24T22:19:12.324Z] [worker-api-ca1accc4-4a92-4d25-995e-6b9f8b266909]: Assigning socketPath: \\?\pipe\C:\Users\tuyen\OneDrive\Desktop\Personal Project\amazon-fullstack\functions\15640 {"metadata":{"emulator":{"name":"functions"},"message":"[worker-api-ca1accc4-4a92-4d25-995e-6b9f8b266909]: Assigning socketPath: \\\\?\\pipe\\C:\\Users\\tuyen\\OneDrive\\Desktop\\Personal Project\\amazon-fullstack\\functions\\15640"}}
[debug] [2021-03-24T22:19:12.326Z] [worker-api-ca1accc4-4a92-4d25-995e-6b9f8b266909]: BUSY {"metadata":{"emulator":{"name":"functions"},"message":"[worker-api-ca1accc4-4a92-4d25-995e-6b9f8b266909]: BUSY"}}
[debug] [2021-03-24T22:19:12.647Z] [runtime-status] [15640] Functions runtime initialized. {"cwd":"C:\\Users\\tuyen\\OneDrive\\Desktop\\Personal Project\\amazon-fullstack\\functions","node_version":"14.16.0"} {"metadata":{"emulator":{"name":"functions"},"function":{"name":"api"},"message":"[runtime-status] [15640] Functions runtime initialized. {\"cwd\":\"C:\\\\Users\\\\tuyen\\\\OneDrive\\\\Desktop\\\\Personal Project\\\\amazon-fullstack\\\\functions\",\"node_version\":\"14.16.0\"}"}}
[debug] [2021-03-24T22:19:12.649Z] [runtime-status] [15640] Disabled runtime features: undefined {"metadata":{"emulator":{"name":"functions"},"function":{"name":"api"},"message":"[runtime-status] [15640] Disabled runtime features: undefined"}}
[debug] [2021-03-24T22:19:12.654Z] [runtime-status] [15640] Resolved module firebase-admin {"declared":true,"installed":true,"version":"9.5.0","resolution":"C:\\Users\\tuyen\\OneDrive\\Desktop\\Personal Project\\amazon-fullstack\\functions\\node_modules\\firebase-admin\\lib\\index.js"} {"metadata":{"emulator":{"name":"functions"},"function":{"name":"api"},"message":"[runtime-status] [15640] Resolved module firebase-admin {\"declared\":true,\"installed\":true,\"version\":\"9.5.0\",\"resolution\":\"C:\\\\Users\\\\tuyen\\\\OneDrive\\\\Desktop\\\\Personal Project\\\\amazon-fullstack\\\\functions\\\\node_modules\\\\firebase-admin\\\\lib\\\\index.js\"}"}}
[debug] [2021-03-24T22:19:12.656Z] [runtime-status] [15640] Resolved module firebase-functions {"declared":true,"installed":true,"version":"3.13.2","resolution":"C:\\Users\\tuyen\\OneDrive\\Desktop\\Personal Project\\amazon-fullstack\\functions\\node_modules\\firebase-functions\\lib\\index.js"} {"metadata":{"emulator":{"name":"functions"},"function":{"name":"api"},"message":"[runtime-status] [15640] Resolved module firebase-functions {\"declared\":true,\"installed\":true,\"version\":\"3.13.2\",\"resolution\":\"C:\\\\Users\\\\tuyen\\\\OneDrive\\\\Desktop\\\\Personal Project\\\\amazon-fullstack\\\\functions\\\\node_modules\\\\firebase-functions\\\\lib\\\\index.js\"}"}}
[debug] [2021-03-24T22:19:12.660Z] [runtime-status] [15640] Resolved module firebase-functions {"declared":true,"installed":true,"version":"3.13.2","resolution":"C:\\Users\\tuyen\\OneDrive\\Desktop\\Personal Project\\amazon-fullstack\\functions\\node_modules\\firebase-functions\\lib\\index.js"} {"metadata":{"emulator":{"name":"functions"},"function":{"name":"api"},"message":"[runtime-status] [15640] Resolved module firebase-functions {\"declared\":true,\"installed\":true,\"version\":\"3.13.2\",\"resolution\":\"C:\\\\Users\\\\tuyen\\\\OneDrive\\\\Desktop\\\\Personal Project\\\\amazon-fullstack\\\\functions\\\\node_modules\\\\firebase-functions\\\\lib\\\\index.js\"}"}}
[debug] [2021-03-24T22:19:12.662Z] [runtime-status] [15640] Outgoing network have been stubbed. [{"name":"http","status":"mocked"},{"name":"http","status":"mocked"},{"name":"https","status":"mocked"},{"name":"https","status":"mocked"},{"name":"net","status":"mocked"}] {"metadata":{"emulator":{"name":"functions"},"function":{"name":"api"},"message":"[runtime-status] [15640] Outgoing network have been stubbed. [{\"name\":\"http\",\"status\":\"mocked\"},{\"name\":\"http\",\"status\":\"mocked\"},{\"name\":\"https\",\"status\":\"mocked\"},{\"name\":\"https\",\"status\":\"mocked\"},{\"name\":\"net\",\"status\":\"mocked\"}]"}}
[debug] [2021-03-24T22:19:12.663Z] [runtime-status] [15640] Resolved module firebase-functions {"declared":true,"installed":true,"version":"3.13.2","resolution":"C:\\Users\\tuyen\\OneDrive\\Desktop\\Personal Project\\amazon-fullstack\\functions\\node_modules\\firebase-functions\\lib\\index.js"} {"metadata":{"emulator":{"name":"functions"},"function":{"name":"api"},"message":"[runtime-status] [15640] Resolved module firebase-functions {\"declared\":true,\"installed\":true,\"version\":\"3.13.2\",\"resolution\":\"C:\\\\Users\\\\tuyen\\\\OneDrive\\\\Desktop\\\\Personal Project\\\\amazon-fullstack\\\\functions\\\\node_modules\\\\firebase-functions\\\\lib\\\\index.js\"}"}}
[debug] [2021-03-24T22:19:12.728Z] [runtime-status] [15640] Checked functions.config() {"config":{}} {"metadata":{"emulator":{"name":"functions"},"function":{"name":"api"},"message":"[runtime-status] [15640] Checked functions.config() {\"config\":{}}"}}
[debug] [2021-03-24T22:19:12.728Z] [runtime-status] [15640] firebase-functions has been stubbed. {"functionsResolution":{"declared":true,"installed":true,"version":"3.13.2","resolution":"C:\\Users\\tuyen\\OneDrive\\Desktop\\Personal Project\\amazon-fullstack\\functions\\node_modules\\firebase-functions\\lib\\index.js"}} {"metadata":{"emulator":{"name":"functions"},"function":{"name":"api"},"message":"[runtime-status] [15640] firebase-functions has been stubbed. {\"functionsResolution\":{\"declared\":true,\"installed\":true,\"version\":\"3.13.2\",\"resolution\":\"C:\\\\Users\\\\tuyen\\\\OneDrive\\\\Desktop\\\\Personal Project\\\\amazon-fullstack\\\\functions\\\\node_modules\\\\firebase-functions\\\\lib\\\\index.js\"}}"}}
[debug] [2021-03-24T22:19:12.729Z] [runtime-status] [15640] Resolved module firebase-functions {"declared":true,"installed":true,"version":"3.13.2","resolution":"C:\\Users\\tuyen\\OneDrive\\Desktop\\Personal Project\\amazon-fullstack\\functions\\node_modules\\firebase-functions\\lib\\index.js"} {"metadata":{"emulator":{"name":"functions"},"function":{"name":"api"},"message":"[runtime-status] [15640] Resolved module firebase-functions {\"declared\":true,\"installed\":true,\"version\":\"3.13.2\",\"resolution\":\"C:\\\\Users\\\\tuyen\\\\OneDrive\\\\Desktop\\\\Personal Project\\\\amazon-fullstack\\\\functions\\\\node_modules\\\\firebase-functions\\\\lib\\\\index.js\"}"}}
[debug] [2021-03-24T22:19:12.731Z] [runtime-status] [15640] Resolved module firebase-admin {"declared":true,"installed":true,"version":"9.5.0","resolution":"C:\\Users\\tuyen\\OneDrive\\Desktop\\Personal Project\\amazon-fullstack\\functions\\node_modules\\firebase-admin\\lib\\index.js"} {"metadata":{"emulator":{"name":"functions"},"function":{"name":"api"},"message":"[runtime-status] [15640] Resolved module firebase-admin {\"declared\":true,\"installed\":true,\"version\":\"9.5.0\",\"resolution\":\"C:\\\\Users\\\\tuyen\\\\OneDrive\\\\Desktop\\\\Personal Project\\\\amazon-fullstack\\\\functions\\\\node_modules\\\\firebase-admin\\\\lib\\\\index.js\"}"}}
[debug] [2021-03-24T22:19:12.731Z] [runtime-status] [15640] Resolved module firebase-functions {"declared":true,"installed":true,"version":"3.13.2","resolution":"C:\\Users\\tuyen\\OneDrive\\Desktop\\Personal Project\\amazon-fullstack\\functions\\node_modules\\firebase-functions\\lib\\index.js"} {"metadata":{"emulator":{"name":"functions"},"function":{"name":"api"},"message":"[runtime-status] [15640] Resolved module firebase-functions {\"declared\":true,\"installed\":true,\"version\":\"3.13.2\",\"resolution\":\"C:\\\\Users\\\\tuyen\\\\OneDrive\\\\Desktop\\\\Personal Project\\\\amazon-fullstack\\\\functions\\\\node_modules\\\\firebase-functions\\\\lib\\\\index.js\"}"}}
[debug] [2021-03-24T22:19:12.732Z] [runtime-status] [15640] firebase-admin has been stubbed. {"adminResolution":{"declared":true,"installed":true,"version":"9.5.0","resolution":"C:\\Users\\tuyen\\OneDrive\\Desktop\\Personal Project\\amazon-fullstack\\functions\\node_modules\\firebase-admin\\lib\\index.js"}} {"metadata":{"emulator":{"name":"functions"},"function":{"name":"api"},"message":"[runtime-status] [15640] firebase-admin has been stubbed. {\"adminResolution\":{\"declared\":true,\"installed\":true,\"version\":\"9.5.0\",\"resolution\":\"C:\\\\Users\\\\tuyen\\\\OneDrive\\\\Desktop\\\\Personal Project\\\\amazon-fullstack\\\\functions\\\\node_modules\\\\firebase-admin\\\\lib\\\\index.js\"}}"}}
[debug] [2021-03-24T22:19:12.999Z] [runtime-status] [15640] Trigger "api" has been found, beginning invocation! {"metadata":{"emulator":{"name":"functions"},"function":{"name":"api"},"message":"[runtime-status] [15640] Trigger \"api\" has been found, beginning invocation!"}}
[info] i  functions: Beginning execution of "api" {"metadata":{"emulator":{"name":"functions"},"function":{"name":"api"},"message":"Beginning execution of \"api\""}}
[debug] [2021-03-24T22:19:13.001Z] [runtime-status] [15640] triggerDefinition {"httpsTrigger":{},"name":"api","entryPoint":"api"} {"metadata":{"emulator":{"name":"functions"},"function":{"name":"api"},"message":"[runtime-status] [15640] triggerDefinition {\"httpsTrigger\":{},\"name\":\"api\",\"entryPoint\":\"api\"}"}}
[debug] [2021-03-24T22:19:13.001Z] [runtime-status] [15640] Running api in mode HTTPS {"metadata":{"emulator":{"name":"functions"},"function":{"name":"api"},"message":"[runtime-status] [15640] Running api in mode HTTPS"}}
[debug] [2021-03-24T22:19:13.009Z] [runtime-status] [15640] Attempting to listen to socketPath: \\?\pipe\C:\Users\tuyen\OneDrive\Desktop\Personal Project\amazon-fullstack\functions\15640 {"metadata":{"emulator":{"name":"functions"},"function":{"name":"api"},"message":"[runtime-status] [15640] Attempting to listen to socketPath: \\\\?\\pipe\\C:\\Users\\tuyen\\OneDrive\\Desktop\\Personal Project\\amazon-fullstack\\functions\\15640"}}
[debug] [2021-03-24T22:19:13.013Z] [functions] Runtime ready! Sending request! {"metadata":{"emulator":{"name":"functions"},"message":"[functions] Runtime ready! Sending request!"}}
[debug] [2021-03-24T22:19:13.013Z] [functions] Got req.url=/clone-9a4d5/us-central1/api/payments/create?total=57498, mapping to path=/payments/create?total=57498 {"metadata":{"emulator":{"name":"functions"},"message":"[functions] Got req.url=/clone-9a4d5/us-central1/api/payments/create?total=57498, mapping to path=/payments/create?total=57498"}}
[debug] [2021-03-24T22:19:13.032Z] [runtime-status] [15640] Ephemeral server handling POST request {"metadata":{"emulator":{"name":"functions"},"function":{"name":"api"},"message":"[runtime-status] [15640] Ephemeral server handling POST request"}}
[info] >  Payment Request is:  57498 {"user":"Payment Request is:  57498","metadata":{"emulator":{"name":"functions"},"function":{"name":"api"},"message":"\u001b[90m> \u001b[39m Payment Request is:  57498"}}
[debug] [2021-03-24T22:19:13.059Z] [runtime-status] [15640] Ephemeral server survived. {"metadata":{"emulator":{"name":"functions"},"function":{"name":"api"},"message":"[runtime-status] [15640] Ephemeral server survived."}}
[info] i  functions: Finished "api" in ~1s {"metadata":{"emulator":{"name":"functions"},"function":{"name":"api"},"message":"Finished \"api\" in ~1s"}}
[debug] [2021-03-24T22:19:13.555Z] [worker-api-ca1accc4-4a92-4d25-995e-6b9f8b266909]: IDLE {"metadata":{"emulator":{"name":"functions"},"message":"[worker-api-ca1accc4-4a92-4d25-995e-6b9f8b266909]: IDLE"}}
[debug] [2021-03-24T22:19:13.555Z] [work-queue] {"queueLength":0,"workRunningCount":0}
